Microsoft (R) Macro Assembler Version 5.10                  6/1/15 23:22:52

                                                             Page     1-1


       1 = 3FD8				DAC EQU 3FD8H
       2				
       3 0000				CODE SEGMENT
       4				    
       5				    ASSUME CS: CODE, DS: CODE
       6				    
       7 0000  8C C8			    MOV AX, CS
       8 0002  8E D8			    MOV DS, AX
       9 0004  BA 3FD8			    MOV DX, DAC
      10				    
      11 0007				    L1:
      12 0007  BF 0000			    MOV DI, 0
      13 000A  B3 24			    MOV BL, 36
      14				    
      15 000C				    L2:
      16 000C  8A 85 0019 R		    MOV AL, SINE[DI]
      17 0010  EE			    OUT DX, AL
      18 0011  47			    INC DI
      19 0012  FE CB			    DEC BL
      20 0014  75 F6			    JNZ L2
      21 0016  EB EF			    JMP L1
      22				        
      23 0018  F4			    HLT   
      24				    
      25 0019  7F 95 AA BF D1 E0	    SINE DB 127, 149, 170, 191, 209, 22
					4, 237, 246
      26       ED F6			
      27 0021  FC FE FC F6 ED E0	    DB 252, 254, 252, 246, 237, 224, 20
					9, 191
      28       D1 BF			
      29 0029  AA 95 7F 69 54 40	    DB 170, 149, 127, 105, 84, 64, 45, 
					30
      30       2D 1E			
      31 0031  11 08 02 00 02 08	    DB 17, 8, 2, 0, 2, 8, 17, 30, 45, 6
					4, 84, 105
      32       11 1E 2D 40 54 69	
      33				    
      34 003D				    CODE ENDS
      35				END
Microsoft (R) Macro Assembler Version 5.10                  6/1/15 23:22:52

                                                             Symbols-1


Segments and Groups:

                N a m e         	Length	 Align	Combine Class

CODE . . . . . . . . . . . . . .  	003D	PARA	NONE	

Symbols:            

                N a m e         	Type	 Value	 Attr

DAC  . . . . . . . . . . . . . .  	NUMBER	3FD8	

L1 . . . . . . . . . . . . . . .  	L NEAR	0007	CODE
L2 . . . . . . . . . . . . . . .  	L NEAR	000C	CODE

SINE . . . . . . . . . . . . . .  	L BYTE	0019	CODE

@CPU . . . . . . . . . . . . . .  	TEXT  0101h		
@FILENAME  . . . . . . . . . . .  	TEXT  L3C4		
@VERSION . . . . . . . . . . . .  	TEXT  510		


     31 Source  Lines
     31 Total   Lines
     10 Symbols

  46540 + 447696 Bytes symbol space free

      0 Warning Errors
      0 Severe  Errors
