;  LST file generated by mikroListExporter - v.2.0 
; Date/Time: 7/11/2015 11:25:49 PM
;----------------------------------------------

;Address Opcode 	ASM
0x0000	0x002F940C  	JMP        47
0x0004	0x0000940C  	JMP        0
0x0008	0x0000940C  	JMP        0
0x000C	0x0000940C  	JMP        0
0x0010	0x0000940C  	JMP        0
0x0014	0x0000940C  	JMP        0
0x0018	0x0000940C  	JMP        0
0x001C	0x0000940C  	JMP        0
0x0020	0x0000940C  	JMP        0
0x0024	0x0000940C  	JMP        0
0x0028	0x0000940C  	JMP        0
0x002C	0x0000940C  	JMP        0
0x0030	0x0000940C  	JMP        0
0x0034	0x0000940C  	JMP        0
0x0038	0x0000940C  	JMP        0
0x003C	0x0000940C  	JMP        0
0x0040	0x0000940C  	JMP        0
0x0044	0x0000940C  	JMP        0
0x0048	0x0000940C  	JMP        0
0x004C	0x0000940C  	JMP        0
0x0050	0x0000940C  	JMP        0
_main:
0x005E	0xE5BF    	LDI        R27, 95
0x0060	0xBFBD    	OUT        SPL, R27
0x0062	0xE0B8    	LDI        R27, 8
0x0064	0xBFBE    	OUT        SPH, R27
;LED1.c,1 :: 		void main() {
;LED1.c,2 :: 		DDRB = 0x01;
0x0066	0xE0B1    	LDI        R27, 1
0x0068	0xBBB7    	OUT        DDRB+0, R27
;LED1.c,4 :: 		while(1){
L_main0:
;LED1.c,5 :: 		PORTB = 0x01;
0x006A	0xE0B1    	LDI        R27, 1
0x006C	0xBBB8    	OUT        PORTB+0, R27
;LED1.c,6 :: 		Delay_ms(1000);
0x006E	0xE229    	LDI        R18, 41
0x0070	0xE916    	LDI        R17, 150
0x0072	0xE800    	LDI        R16, 128
0x0074	0x950A    	DEC        R16
0x0076	0xF7F1    	BRNE       $-1
0x0078	0x951A    	DEC        R17
0x007A	0xF7E1    	BRNE       $-3
0x007C	0x952A    	DEC        R18
0x007E	0xF7D1    	BRNE       $-5
;LED1.c,8 :: 		PORTB = 0x00;
0x0080	0xE0B0    	LDI        R27, 0
0x0082	0xBBB8    	OUT        PORTB+0, R27
;LED1.c,9 :: 		Delay_ms(1000);
0x0084	0xE229    	LDI        R18, 41
0x0086	0xE916    	LDI        R17, 150
0x0088	0xE800    	LDI        R16, 128
0x008A	0x950A    	DEC        R16
0x008C	0xF7F1    	BRNE       $-1
0x008E	0x951A    	DEC        R17
0x0090	0xF7E1    	BRNE       $-3
0x0092	0x952A    	DEC        R18
0x0094	0xF7D1    	BRNE       $-5
;LED1.c,10 :: 		}
0x0096	0xCFE9    	RJMP       L_main0
;LED1.c,11 :: 		}
L_end_main:
0x0098	0xCFFF    	RJMP       L_end_main
; end of _main
___CC2DW:
;__Lib_System.c,25 :: 		
;__Lib_System.c,27 :: 		
L_loopDW:
;__Lib_System.c,28 :: 		
0x0054	0x9005    	LPM        R0, Z+
;__Lib_System.c,29 :: 		
0x0056	0x920D    	ST         X+, R0
;__Lib_System.c,30 :: 		
0x0058	0x9701    	SBIW       R24, 1
;__Lib_System.c,31 :: 		
0x005A	0xF7E1    	BRNE       L_loopDW
;__Lib_System.c,33 :: 		
L_end___CC2DW:
0x005C	0x9508    	RET
; end of ___CC2DW
Symbol List:
//** Routines locations **
//ADDRESS    SIZE    PROCEDURE
//----------------------------------------------
0x002A       [5]    ___CC2DW
0x002F      [30]    _main
//** Variables locations ** 
//ADDRESS    SIZE    VARIABLE
//----------------------------------------------
0x0000       [1]    R0
0x0000       [1]    Delay_Cyc_loc_L0
0x0001       [1]    R1
0x0002       [1]    R2
0x0003       [1]    R3
0x0004       [1]    R4
0x0005       [1]    R5
0x0006       [1]    R6
0x0007       [1]    R7
0x0008       [1]    R8
0x0009       [1]    R9
0x000A       [1]    R10
0x000B       [1]    R11
0x000C       [1]    R12
0x000D       [1]    R13
0x000E       [1]    R14
0x000F       [1]    R15
0x0010       [1]    R16
0x0010       [2]    FLASH_Read_Word_temp_L0
0x0011       [1]    R17
0x0011       [1]    __Lib_PS2_Wait_Falling_nsample_L0
0x0012       [2]    strlen_cp_L0
0x0012       [1]    ispunct_rslt_L0
0x0012       [1]    R18
0x0013       [1]    R19
0x0014       [2]    strncat_cp_L0
0x0014       [2]    strncpy_cp_L0
0x0014       [2]    memcpy_dd_L0
0x0014       [4]    frexp_uv_L0
0x0014       [2]    ADC_Read_temp_L0
0x0014       [1]    R20
0x0014       [2]    memchr_s_L0
0x0014       [2]    memmove_tt_L0
0x0014       [2]    strcpy_cp_L0
0x0014       [2]    memset_pp_L0
0x0014       [2]    strcat_cp_L0
0x0015       [1]    R21
0x0016       [2]    memcpy_ss_L0
0x0016       [2]    memmove_ff_L0
0x0016       [1]    R22
0x0016       [2]    FLASH_Read_Words_temp_L0
0x0017       [1]    R23
0x0018       [2]    FLASH_Read_Bytes_counter_L0
0x0018       [1]    R24
0x0018       [2]    FLASH_Read_Words_counter_L0
0x0019       [1]    R25
0x001A       [1]    R26
0x001A       [2]    X
0x001A       [1]    XL
0x001B       [1]    R27
0x001B       [1]    XH
0x001C       [1]    R28
0x001C       [1]    YL
0x001C       [2]    Y
0x001D       [1]    YH
0x001D       [1]    R29
0x001E       [1]    R30
0x001E       [2]    Z
0x001E       [1]    ZL
0x001F       [1]    ZH
0x001F       [1]    R31
0x0020       [0]    TWBR1_bit
0x0020       [0]    TWBR2_bit
0x0020       [1]    TWBR
0x0020       [0]    TWBR0_bit
0x0020       [0]    TWBR3_bit
0x0020       [0]    TWBR6_bit
0x0020       [0]    TWBR7_bit
0x0020       [0]    TWBR4_bit
0x0020       [0]    TWBR5_bit
0x0021       [0]    TWPS1_bit
0x0021       [0]    TWS3_bit
0x0021       [1]    TWSR
0x0021       [0]    TWPS0_bit
0x0021       [0]    TWS6_bit
0x0021       [0]    TWS7_bit
0x0021       [0]    TWS4_bit
0x0021       [0]    TWS5_bit
0x0022       [0]    TWA0_bit
0x0022       [0]    TWA1_bit
0x0022       [1]    TWAR
0x0022       [0]    TWGCE_bit
0x0022       [0]    TWA2_bit
0x0022       [0]    TWA5_bit
0x0022       [0]    TWA6_bit
0x0022       [0]    TWA3_bit
0x0022       [0]    TWA4_bit
0x0023       [0]    TWD1_bit
0x0023       [0]    TWD2_bit
0x0023       [1]    TWDR
0x0023       [0]    TWD0_bit
0x0023       [0]    TWD3_bit
0x0023       [0]    TWD6_bit
0x0023       [0]    TWD7_bit
0x0023       [0]    TWD4_bit
0x0023       [0]    TWD5_bit
0x0024       [0]    ADCL1_bit
0x0024       [0]    ADCL2_bit
0x0024       [1]    ADCL
0x0024       [0]    ADCL0_bit
0x0024       [0]    ADCL3_bit
0x0024       [0]    ADCL6_bit
0x0024       [0]    ADCL7_bit
0x0024       [0]    ADCL4_bit
0x0024       [0]    ADCL5_bit
0x0025       [0]    ADCH1_bit
0x0025       [0]    ADCH2_bit
0x0025       [1]    ADCH
0x0025       [0]    ADCH0_bit
0x0025       [0]    ADCH3_bit
0x0025       [0]    ADCH6_bit
0x0025       [0]    ADCH7_bit
0x0025       [0]    ADCH4_bit
0x0025       [0]    ADCH5_bit
0x0026       [0]    ADPS1_bit
0x0026       [0]    ADPS2_bit
0x0026       [1]    ADCSRA
0x0026       [0]    ADPS0_bit
0x0026       [0]    ADIE_bit
0x0026       [0]    ADSC_bit
0x0026       [0]    ADEN_bit
0x0026       [0]    ADIF_bit
0x0026       [0]    ADATE_bit
0x0027       [0]    MUX4_bit
0x0027       [0]    MUX3_bit
0x0027       [0]    REFS0_bit
0x0027       [0]    ADLAR_bit
0x0027       [0]    MUX2_bit
0x0027       [1]    ADMUX
0x0027       [0]    REFS1_bit
0x0027       [0]    MUX1_bit
0x0027       [0]    MUX0_bit
0x0028       [0]    ACIS1_bit
0x0028       [0]    ACIC_bit
0x0028       [1]    ACSR
0x0028       [0]    ACIS0_bit
0x0028       [0]    ACIE_bit
0x0028       [0]    ACBG_bit
0x0028       [0]    ACD_bit
0x0028       [0]    ACI_bit
0x0028       [0]    ACO_bit
0x0029       [0]    UBRR1_bit
0x0029       [0]    UBRR2_bit
0x0029       [1]    UBRRL
0x0029       [0]    UBRR0_bit
0x0029       [0]    UBRR3_bit
0x0029       [0]    UBRR6_bit
0x0029       [0]    UBRR7_bit
0x0029       [0]    UBRR4_bit
0x0029       [0]    UBRR5_bit
0x002A       [0]    TXB8_bit
0x002A       [0]    RXB8_bit
0x002A       [1]    UCSRB
0x002A       [1]    UCSR0B
0x002A       [0]    UCSZ2_bit
0x002A       [0]    TXCIE_bit
0x002A       [0]    RXCIE_bit
0x002A       [0]    UDRIE_bit
0x002A       [0]    TXEN_bit
0x002A       [0]    RXEN_bit
0x002B       [0]    UPE_bit
0x002B       [0]    DOR_bit
0x002B       [0]    U2X_bit
0x002B       [1]    UCSRA
0x002B       [0]    MPCM_bit
0x002B       [0]    FE_bit
0x002B       [0]    TXC_bit
0x002B       [0]    RXC0_bit
0x002B       [0]    RXC_bit
0x002B       [0]    UDRE0_bit
0x002B       [0]    UDRE_bit
0x002B       [0]    TXC0_bit
0x002C       [0]    UDR0__bit
0x002C       [0]    UDR1_bit
0x002C       [1]    UDR0
0x002C       [1]    UDR
0x002C       [0]    UDR2_bit
0x002C       [0]    UDR6_bit
0x002C       [0]    UDR7_bit
0x002C       [0]    UDR5_bit
0x002C       [0]    UDR3_bit
0x002C       [0]    UDR4_bit
0x002D       [0]    SPR1_bit
0x002D       [0]    CPHA_bit
0x002D       [1]    SPCR
0x002D       [0]    SPR0_bit
0x002D       [0]    SPE_bit
0x002D       [0]    SPIE_bit
0x002D       [0]    DORD_bit
0x002D       [0]    CPOL_bit
0x002D       [0]    MSTR_bit
0x002E       [1]    SPSR
0x002E       [0]    SPI2X_bit
0x002E       [0]    SPIF_bit
0x002E       [0]    WCOL_bit
0x002F       [0]    SPDR2_bit
0x002F       [0]    SPDR3_bit
0x002F       [0]    SPDR1_bit
0x002F       [1]    SPDR
0x002F       [0]    SPDR0_bit
0x002F       [0]    SPDR7_bit
0x002F       [0]    SPDR6_bit
0x002F       [0]    SPDR4_bit
0x002F       [0]    SPDR5_bit
0x0030       [0]    PIND1_bit
0x0030       [0]    PIND2_bit
0x0030       [1]    PIND
0x0030       [0]    PIND0_bit
0x0030       [0]    PIND3_bit
0x0030       [0]    PIND6_bit
0x0030       [0]    PIND7_bit
0x0030       [0]    PIND4_bit
0x0030       [0]    PIND5_bit
0x0031       [0]    DDD1_bit
0x0031       [0]    DDD2_bit
0x0031       [1]    DDRD
0x0031       [0]    DDD0_bit
0x0031       [0]    DDD3_bit
0x0031       [0]    DDD6_bit
0x0031       [0]    DDD7_bit
0x0031       [0]    DDD4_bit
0x0031       [0]    DDD5_bit
0x0032       [0]    PORTD1_bit
0x0032       [0]    PORTD2_bit
0x0032       [1]    PORTD
0x0032       [0]    PORTD0_bit
0x0032       [0]    PORTD3_bit
0x0032       [0]    PORTD6_bit
0x0032       [0]    PORTD5_bit
0x0032       [0]    PORTD4_bit
0x0032       [0]    PORTD7_bit
0x0033       [0]    PINC1_bit
0x0033       [0]    PINC2_bit
0x0033       [1]    PINC
0x0033       [0]    PINC0_bit
0x0033       [0]    PINC3_bit
0x0033       [0]    PINC6_bit
0x0033       [0]    PINC7_bit
0x0033       [0]    PINC4_bit
0x0033       [0]    PINC5_bit
0x0034       [0]    DDC1_bit
0x0034       [0]    DDC2_bit
0x0034       [1]    DDRC
0x0034       [0]    DDC0_bit
0x0034       [0]    DDC3_bit
0x0034       [0]    DDC6_bit
0x0034       [0]    DDC7_bit
0x0034       [0]    DDC4_bit
0x0034       [0]    DDC5_bit
0x0035       [0]    PORTC1_bit
0x0035       [0]    PORTC2_bit
0x0035       [1]    PORTC
0x0035       [0]    PORTC0_bit
0x0035       [0]    PORTC3_bit
0x0035       [0]    PORTC6_bit
0x0035       [0]    PORTC7_bit
0x0035       [0]    PORTC4_bit
0x0035       [0]    PORTC5_bit
0x0036       [0]    PINB1_bit
0x0036       [0]    PINB2_bit
0x0036       [1]    PINB
0x0036       [0]    PINB0_bit
0x0036       [0]    PINB3_bit
0x0036       [0]    PINB6_bit
0x0036       [0]    PINB7_bit
0x0036       [0]    PINB4_bit
0x0036       [0]    PINB5_bit
0x0037       [0]    DDB1_bit
0x0037       [0]    DDB4_bit
0x0037       [0]    DDB7_bit
0x0037       [0]    DDB0_bit
0x0037       [0]    DDB3_bit
0x0037       [1]    DDRB
0x0037       [0]    DDB2_bit
0x0037       [0]    DDB6_bit
0x0037       [0]    DDB5_bit
0x0038       [0]    PORTB3_bit
0x0038       [0]    PORTB5_bit
0x0038       [0]    PORTB4_bit
0x0038       [0]    PORTB7_bit
0x0038       [0]    PORTB0_bit
0x0038       [0]    PORTB6_bit
0x0038       [0]    PORTB1_bit
0x0038       [0]    PORTB2_bit
0x0038       [1]    PORTB
0x0039       [0]    PINA1_bit
0x0039       [0]    PINA2_bit
0x0039       [1]    PINA
0x0039       [0]    PINA0_bit
0x0039       [0]    PINA5_bit
0x0039       [0]    PINA6_bit
0x0039       [0]    PINA7_bit
0x0039       [0]    PINA4_bit
0x0039       [0]    PINA3_bit
0x003A       [0]    DDA4_bit
0x003A       [0]    DDA3_bit
0x003A       [0]    DDA0_bit
0x003A       [1]    DDRA
0x003A       [0]    DDA2_bit
0x003A       [0]    DDA1_bit
0x003A       [0]    DDA5_bit
0x003A       [0]    DDA6_bit
0x003A       [0]    DDA7_bit
0x003B       [0]    PORTA3_bit
0x003B       [0]    PORTA1_bit
0x003B       [0]    PORTA2_bit
0x003B       [0]    PORTA7_bit
0x003B       [0]    PORTA6_bit
0x003B       [1]    PORTA
0x003B       [0]    PORTA4_bit
0x003B       [0]    PORTA0_bit
0x003B       [0]    PORTA5_bit
0x003C       [0]    EEMWE_bit
0x003C       [0]    EERIE_bit
0x003C       [0]    EEWE_bit
0x003C       [1]    EECR
0x003C       [0]    EERE_bit
0x003D       [0]    EEDR5_bit
0x003D       [0]    EEDR4_bit
0x003D       [0]    EEDR3_bit
0x003D       [0]    EEDR7_bit
0x003D       [1]    EEDR
0x003D       [0]    EEDR6_bit
0x003D       [0]    EEDR1_bit
0x003D       [0]    EEDR0_bit
0x003D       [0]    EEDR2_bit
0x003E       [0]    EEAR6_bit
0x003E       [0]    EEAR3_bit
0x003E       [0]    EEAR00_bit
0x003E       [0]    EEAR1_bit
0x003E       [0]    EEAR2_bit
0x003E       [0]    EEAR7_bit
0x003E       [1]    EEARL
0x003E       [0]    EEAR4_bit
0x003E       [0]    EEAR5_bit
0x003F       [0]    EEAR9_bit
0x003F       [0]    EEAR8_bit
0x003F       [1]    EEARH
0x0040       [0]    UBRR8_bit
0x0040       [0]    UBRR11_bit
0x0040       [0]    UCSZ0_bit
0x0040       [0]    UCSZ1_bit
0x0040       [1]    UBRRH
0x0040       [1]    UCSRC
0x0040       [0]    UBRR10_bit
0x0040       [0]    UBRR9_bit
0x0040       [0]    URSEL_bit
0x0040       [0]    UMSEL_bit
0x0040       [1]    UCSR0C
0x0040       [0]    UPM1_bit
0x0040       [0]    UPM0_bit
0x0040       [0]    USBS_bit
0x0040       [0]    UCPOL_bit
0x0041       [0]    WDP0_bit
0x0041       [1]    WDTCR
0x0041       [0]    WDE_bit
0x0041       [0]    WDTOE_bit
0x0041       [0]    WDP1_bit
0x0041       [0]    WDP2_bit
0x0042       [0]    TCR2UB_bit
0x0042       [1]    ASSR
0x0042       [0]    OCR2UB_bit
0x0042       [0]    AS2_bit
0x0042       [0]    TCN2UB_bit
0x0043       [0]    OCR2_2_bit
0x0043       [0]    OCR2_3_bit
0x0043       [0]    OCR2_1_bit
0x0043       [1]    OCR2
0x0043       [0]    OCR2_0_bit
0x0043       [0]    OCR2_6_bit
0x0043       [0]    OCR2_7_bit
0x0043       [0]    OCR2_4_bit
0x0043       [0]    OCR2_5_bit
0x0044       [0]    TCNT2_2_bit
0x0044       [0]    TCNT2_3_bit
0x0044       [0]    TCNT2_1_bit
0x0044       [1]    TCNT2
0x0044       [0]    TCNT2_0_bit
0x0044       [0]    TCNT2_4_bit
0x0044       [0]    TCNT2_7_bit
0x0044       [0]    TCNT2_6_bit
0x0044       [0]    TCNT2_5_bit
0x0045       [0]    COM20_bit
0x0045       [0]    COM21_bit
0x0045       [0]    CS22_bit
0x0045       [0]    WGM21_bit
0x0045       [0]    CS21_bit
0x0045       [0]    CS20_bit
0x0045       [1]    TCCR2
0x0045       [0]    WGM20_bit
0x0045       [0]    FOC2_bit
0x0046       [0]    ICR1L0_bit
0x0046       [1]    ICR1L
0x0046       [0]    ICR1L1_bit
0x0046       [0]    ICR1L3_bit
0x0046       [0]    ICR1L6_bit
0x0046       [0]    ICR1L4_bit
0x0046       [0]    ICR1L5_bit
0x0046       [0]    ICR1L2_bit
0x0046       [0]    ICR1L7_bit
0x0047       [0]    ICR1H5_bit
0x0047       [0]    ICR1H7_bit
0x0047       [0]    ICR1H6_bit
0x0047       [0]    ICR1H4_bit
0x0047       [0]    ICR1H0_bit
0x0047       [1]    ICR1H
0x0047       [0]    ICR1H1_bit
0x0047       [0]    ICR1H3_bit
0x0047       [0]    ICR1H2_bit
0x0048       [0]    OCR1BL5_bit
0x0048       [0]    OCR1BL3_bit
0x0048       [0]    OCR1BL7_bit
0x0048       [1]    OCR1BL
0x0048       [0]    OCR1BL4_bit
0x0048       [0]    OCR1BL6_bit
0x0048       [0]    OCR1BL1_bit
0x0048       [0]    OCR1BL2_bit
0x0048       [0]    OCR1BL0_bit
0x0049       [0]    OCR1BH2_bit
0x0049       [0]    OCR1BH5_bit
0x0049       [1]    OCR1BH
0x0049       [0]    OCR1BH7_bit
0x0049       [0]    OCR1BH4_bit
0x0049       [0]    OCR1BH1_bit
0x0049       [0]    OCR1BH3_bit
0x0049       [0]    OCR1BH0_bit
0x0049       [0]    OCR1BH6_bit
0x004A       [0]    OCR1AL3_bit
0x004A       [0]    OCR1AL4_bit
0x004A       [0]    OCR1AL7_bit
0x004A       [0]    OCR1AL6_bit
0x004A       [0]    OCR1AL0_bit
0x004A       [0]    OCR1AL1_bit
0x004A       [0]    OCR1AL2_bit
0x004A       [0]    OCR1AL5_bit
0x004A       [1]    OCR1AL
0x004B       [0]    OCR1AH7_bit
0x004B       [0]    OCR1AH1_bit
0x004B       [0]    OCR1AH6_bit
0x004B       [0]    OCR1AH2_bit
0x004B       [0]    OCR1AH3_bit
0x004B       [0]    OCR1AH5_bit
0x004B       [0]    OCR1AH4_bit
0x004B       [1]    OCR1AH
0x004B       [0]    OCR1AH0_bit
0x004C       [0]    TCNT1L0_bit
0x004C       [0]    TCNT1L6_bit
0x004C       [0]    TCNT1L5_bit
0x004C       [0]    TCNT1L1_bit
0x004C       [0]    TCNT1L4_bit
0x004C       [0]    TCNT1L7_bit
0x004C       [0]    TCNT1L2_bit
0x004C       [1]    TCNT1L
0x004C       [0]    TCNT1L3_bit
0x004D       [0]    TCNT1H4_bit
0x004D       [0]    TCNT1H1_bit
0x004D       [0]    TCNT1H6_bit
0x004D       [0]    TCNT1H0_bit
0x004D       [0]    TCNT1H3_bit
0x004D       [1]    TCNT1H
0x004D       [0]    TCNT1H5_bit
0x004D       [0]    TCNT1H7_bit
0x004D       [0]    TCNT1H2_bit
0x004E       [0]    CS10_bit
0x004E       [1]    TCCR1B
0x004E       [0]    CS11_bit
0x004E       [0]    CS12_bit
0x004E       [0]    ICES1_bit
0x004E       [0]    WGM13_bit
0x004E       [0]    WGM12_bit
0x004E       [0]    ICNC1_bit
0x004F       [0]    WGM10_bit
0x004F       [1]    TCCR1A
0x004F       [0]    WGM11_bit
0x004F       [0]    COM1B1_bit
0x004F       [0]    COM1A0_bit
0x004F       [0]    COM1A1_bit
0x004F       [0]    FOC1B_bit
0x004F       [0]    FOC1A_bit
0x004F       [0]    COM1B0_bit
0x0050       [0]    ADTS0_bit
0x0050       [0]    ADTS1_bit
0x0050       [1]    SFIOR
0x0050       [0]    ACME_bit
0x0050       [0]    PSR2_bit
0x0050       [0]    PUD_bit
0x0050       [0]    ADTS2_bit
0x0050       [0]    PSR10_bit
0x0051       [0]    CAL2_bit
0x0051       [0]    CAL3_bit
0x0051       [0]    CAL1_bit
0x0051       [1]    OSCCAL
0x0051       [0]    CAL0_bit
0x0051       [0]    CAL7_bit
0x0051       [1]    OCDR
0x0051       [0]    CAL6_bit
0x0051       [0]    CAL4_bit
0x0051       [0]    CAL5_bit
0x0052       [0]    TCNT0_1_bit
0x0052       [0]    TCNT0_2_bit
0x0052       [1]    TCNT0
0x0052       [0]    TCNT0_0_bit
0x0052       [0]    TCNT0_3_bit
0x0052       [0]    TCNT0_6_bit
0x0052       [0]    TCNT0_7_bit
0x0052       [0]    TCNT0_4_bit
0x0052       [0]    TCNT0_5_bit
0x0053       [0]    CS01_bit
0x0053       [0]    CS02_bit
0x0053       [1]    TCCR0
0x0053       [0]    CS00_bit
0x0053       [0]    WGM01_bit
0x0053       [0]    WGM00_bit
0x0053       [0]    FOC0_bit
0x0053       [0]    COM00_bit
0x0053       [0]    COM01_bit
0x0054       [0]    WDRF_bit
0x0054       [0]    BORF_bit
0x0054       [0]    JTD_bit
0x0054       [0]    JTRF_bit
0x0054       [0]    ISC2_bit
0x0054       [1]    MCUCSR
0x0054       [0]    EXTRF_bit
0x0054       [0]    PORF_bit
0x0055       [0]    ISC01_bit
0x0055       [0]    ISC10_bit
0x0055       [1]    MCUCR
0x0055       [0]    ISC00_bit
0x0055       [0]    ISC11_bit
0x0055       [0]    SM2_bit
0x0055       [0]    SE_bit
0x0055       [0]    SM0_bit
0x0055       [0]    SM1_bit
0x0056       [0]    TWEN_bit
0x0056       [0]    TWWC_bit
0x0056       [1]    TWCR
0x0056       [0]    TWIE_bit
0x0056       [0]    TWEA_bit
0x0056       [0]    TWINT_bit
0x0056       [0]    TWSTO_bit
0x0056       [0]    TWSTA_bit
0x0057       [0]    SPMEN_bit
0x0057       [0]    PGERS_bit
0x0057       [1]    SPMCSR
0x0057       [1]    SPMCR
0x0057       [0]    PGWRT_bit
0x0057       [0]    RWWSB_bit
0x0057       [0]    SPMIE_bit
0x0057       [0]    BLBSET_bit
0x0057       [0]    RWWSRE_bit
0x0058       [0]    OCF0_bit
0x0058       [0]    TOV2_bit
0x0058       [1]    TIFR
0x0058       [0]    TOV0_bit
0x0058       [0]    OCF2_bit
0x0058       [0]    OCF1A_bit
0x0058       [0]    ICF1_bit
0x0058       [0]    TOV1_bit
0x0058       [0]    OCF1B_bit
0x0059       [0]    OCIE0_bit
0x0059       [0]    TOIE2_bit
0x0059       [1]    TIMSK
0x0059       [0]    TOIE0_bit
0x0059       [0]    OCIE2_bit
0x0059       [0]    OCIE1A_bit
0x0059       [0]    TICIE1_bit
0x0059       [0]    TOIE1_bit
0x0059       [0]    OCIE1B_bit
0x005A       [0]    INTF2_bit
0x005A       [0]    INTF0_bit
0x005A       [0]    INTF1_bit
0x005A       [1]    GIFR
0x005B       [0]    IVSEL_bit
0x005B       [0]    IVCE_bit
0x005B       [1]    GICR
0x005B       [0]    INT1_bit
0x005B       [0]    INT0_bit
0x005B       [0]    INT2_bit
0x005C       [0]    OCR0_1_bit
0x005C       [0]    OCR0_2_bit
0x005C       [1]    OCR0
0x005C       [0]    OCR0_0_bit
0x005C       [0]    OCR0_3_bit
0x005C       [0]    OCR0_6_bit
0x005C       [0]    OCR0_7_bit
0x005C       [0]    OCR0_4_bit
0x005C       [0]    OCR0_5_bit
0x005D       [0]    SP1_bit
0x005D       [0]    SP2_bit
0x005D       [1]    SPL
0x005D       [0]    SP0_bit
0x005D       [0]    SP3_bit
0x005D       [0]    SP6_bit
0x005D       [0]    SP7_bit
0x005D       [0]    SP4_bit
0x005D       [0]    SP5_bit
0x005E       [0]    SP8_bit
0x005E       [1]    SPH
0x005E       [0]    SP9_bit
0x005E       [0]    SP11_bit
0x005E       [0]    SP10_bit
0x005F       [0]    SREG_Z_bit
0x005F       [0]    SREG_S_bit
0x005F       [0]    SREG_N_bit
0x005F       [0]    SREG_V_bit
0x005F       [0]    SREG_C_bit
0x005F       [0]    SREG_T_bit
0x005F       [0]    SREG_I_bit
0x005F       [1]    SREG
0x005F       [0]    SREG_H_bit
//** Label List: ** 
//----------------------------------------------
  L_main0
  L_main1
  L_end_main
  _main
  L_loopDW
  L_end___CC2DW
  ___CC2DW
